  [1m[36m (1.2ms)[0m  [1mCREATE TABLE "schema_migrations" ("version" varchar NOT NULL) [0m
  [1m[35m (0.5ms)[0m  select sqlite_version(*)
  [1m[36m (1.0ms)[0m  [1mCREATE UNIQUE INDEX "unique_schema_migrations" ON "schema_migrations" ("version")[0m
  [1m[35mActiveRecord::SchemaMigration Load (0.1ms)[0m  SELECT "schema_migrations".* FROM "schema_migrations"
Migrating to CreateSandwiches (20160502144436)
  [1m[36m (0.1ms)[0m  [1mbegin transaction[0m
  [1m[35m (0.3ms)[0m  CREATE TABLE "sandwiches" ("id" INTEGER PRIMARY KEY AUTOINCREMENT NOT NULL, "name" varchar, "bread_type" varchar, "created_at" datetime NOT NULL, "updated_at" datetime NOT NULL) 
  [1m[36mSQL (0.2ms)[0m  [1mINSERT INTO "schema_migrations" ("version") VALUES (?)[0m  [["version", "20160502144436"]]
  [1m[35m (0.7ms)[0m  commit transaction
  [1m[36mActiveRecord::SchemaMigration Load (0.1ms)[0m  [1mSELECT "schema_migrations".* FROM "schema_migrations"[0m
  [1m[36m (1.1ms)[0m  [1mCREATE TABLE "schema_migrations" ("version" varchar NOT NULL) [0m
  [1m[35m (0.1ms)[0m  select sqlite_version(*)
  [1m[36m (0.9ms)[0m  [1mCREATE UNIQUE INDEX "unique_schema_migrations" ON "schema_migrations" ("version")[0m
  [1m[35mActiveRecord::SchemaMigration Load (0.1ms)[0m  SELECT "schema_migrations".* FROM "schema_migrations"
Migrating to CreateSandwiches (20160502150712)
  [1m[36m (0.1ms)[0m  [1mbegin transaction[0m
  [1m[35m (1.6ms)[0m  CREATE TABLE "sandwiches" ("id" INTEGER PRIMARY KEY AUTOINCREMENT NOT NULL, "name" varchar, "bread_type" varchar, "created_at" datetime NOT NULL, "updated_at" datetime NOT NULL) 
  [1m[36mSQL (0.1ms)[0m  [1mINSERT INTO "schema_migrations" ("version") VALUES (?)[0m  [["version", "20160502150712"]]
  [1m[35m (0.5ms)[0m  commit transaction
Migrating to CreateIngredients (20160502161420)
  [1m[36m (0.0ms)[0m  [1mbegin transaction[0m
  [1m[35m (0.2ms)[0m  CREATE TABLE "ingredients" ("id" INTEGER PRIMARY KEY AUTOINCREMENT NOT NULL, "name" varchar, "calories" integer, "created_at" datetime NOT NULL, "updated_at" datetime NOT NULL) 
  [1m[36mSQL (0.1ms)[0m  [1mINSERT INTO "schema_migrations" ("version") VALUES (?)[0m  [["version", "20160502161420"]]
  [1m[35m (0.7ms)[0m  commit transaction
  [1m[36mActiveRecord::SchemaMigration Load (0.1ms)[0m  [1mSELECT "schema_migrations".* FROM "schema_migrations"[0m


Started POST "/ingredients/?name=mayonaise&calories=50" for ::1 at 2016-05-02 12:33:54 -0400
  [1m[36mActiveRecord::SchemaMigration Load (0.1ms)[0m  [1mSELECT "schema_migrations".* FROM "schema_migrations"[0m
Processing by IngredientsController#create as */*
  Parameters: {"name"=>"mayonaise", "occupation"=>"Philanderer", "weapon"=>"<censored>", "debt "=>"true", "calories"=>"50"}
Can't verify CSRF token authenticity
Completed 500 Internal Server Error in 5ms (ActiveRecord: 0.0ms)

NameError (undefined local variable or method `sandwich_params' for #<IngredientsController:0x007f8d83ee0a30>):
  app/controllers/ingredients_controller.rb:3:in `create'


  Rendered /Users/samuelfrade/.rvm/gems/ruby-2.2.1/gems/actionpack-4.2.6/lib/action_dispatch/middleware/templates/rescues/_source.erb (6.2ms)
  Rendered /Users/samuelfrade/.rvm/gems/ruby-2.2.1/gems/actionpack-4.2.6/lib/action_dispatch/middleware/templates/rescues/_trace.html.erb (2.7ms)
  Rendered /Users/samuelfrade/.rvm/gems/ruby-2.2.1/gems/actionpack-4.2.6/lib/action_dispatch/middleware/templates/rescues/_request_and_response.html.erb (0.9ms)
  Rendered /Users/samuelfrade/.rvm/gems/ruby-2.2.1/gems/actionpack-4.2.6/lib/action_dispatch/middleware/templates/rescues/diagnostics.html.erb within rescues/layout (63.6ms)
  Rendered /Users/samuelfrade/.rvm/gems/ruby-2.2.1/gems/web-console-2.3.0/lib/web_console/templates/_markup.html.erb (0.6ms)
  Rendered /Users/samuelfrade/.rvm/gems/ruby-2.2.1/gems/web-console-2.3.0/lib/web_console/templates/_inner_console_markup.html.erb within layouts/inlined_string (0.4ms)
  Rendered /Users/samuelfrade/.rvm/gems/ruby-2.2.1/gems/web-console-2.3.0/lib/web_console/templates/_prompt_box_markup.html.erb within layouts/inlined_string (0.3ms)
  Rendered /Users/samuelfrade/.rvm/gems/ruby-2.2.1/gems/web-console-2.3.0/lib/web_console/templates/style.css.erb within layouts/inlined_string (0.3ms)
  Rendered /Users/samuelfrade/.rvm/gems/ruby-2.2.1/gems/web-console-2.3.0/lib/web_console/templates/console.js.erb within layouts/javascript (47.4ms)
  Rendered /Users/samuelfrade/.rvm/gems/ruby-2.2.1/gems/web-console-2.3.0/lib/web_console/templates/main.js.erb within layouts/javascript (0.3ms)
  Rendered /Users/samuelfrade/.rvm/gems/ruby-2.2.1/gems/web-console-2.3.0/lib/web_console/templates/error_page.js.erb within layouts/javascript (0.4ms)
  Rendered /Users/samuelfrade/.rvm/gems/ruby-2.2.1/gems/web-console-2.3.0/lib/web_console/templates/index.html.erb (113.8ms)


Started POST "/ingredients/" for ::1 at 2016-05-02 12:44:11 -0400
Error occurred while parsing request parameters.
Contents:

{
    "ingredient":
    {
        "name": "mayonaise"
        "calories": 0
    }
}

ActionDispatch::ParamsParser::ParseError (795: unexpected token at '{
    "ingredient":
    {
        "name": "mayonaise"
        "calories": 0
    }
}'):
  actionpack (4.2.6) lib/action_dispatch/middleware/params_parser.rb:53:in `rescue in parse_formatted_parameters'
  actionpack (4.2.6) lib/action_dispatch/middleware/params_parser.rb:32:in `parse_formatted_parameters'
  actionpack (4.2.6) lib/action_dispatch/middleware/params_parser.rb:23:in `call'
  actionpack (4.2.6) lib/action_dispatch/middleware/flash.rb:260:in `call'
  rack (1.6.4) lib/rack/session/abstract/id.rb:225:in `context'
  rack (1.6.4) lib/rack/session/abstract/id.rb:220:in `call'
  actionpack (4.2.6) lib/action_dispatch/middleware/cookies.rb:560:in `call'
  activerecord (4.2.6) lib/active_record/query_cache.rb:36:in `call'
  activerecord (4.2.6) lib/active_record/connection_adapters/abstract/connection_pool.rb:653:in `call'
  activerecord (4.2.6) lib/active_record/migration.rb:377:in `call'
  actionpack (4.2.6) lib/action_dispatch/middleware/callbacks.rb:29:in `block in call'
  activesupport (4.2.6) lib/active_support/callbacks.rb:88:in `__run_callbacks__'
  activesupport (4.2.6) lib/active_support/callbacks.rb:778:in `_run_call_callbacks'
  activesupport (4.2.6) lib/active_support/callbacks.rb:81:in `run_callbacks'
  actionpack (4.2.6) lib/action_dispatch/middleware/callbacks.rb:27:in `call'
  actionpack (4.2.6) lib/action_dispatch/middleware/reloader.rb:73:in `call'
  actionpack (4.2.6) lib/action_dispatch/middleware/remote_ip.rb:78:in `call'
  actionpack (4.2.6) lib/action_dispatch/middleware/debug_exceptions.rb:17:in `call'
  web-console (2.3.0) lib/web_console/middleware.rb:28:in `block in call'
  web-console (2.3.0) lib/web_console/middleware.rb:18:in `catch'
  web-console (2.3.0) lib/web_console/middleware.rb:18:in `call'
  actionpack (4.2.6) lib/action_dispatch/middleware/show_exceptions.rb:30:in `call'
  railties (4.2.6) lib/rails/rack/logger.rb:38:in `call_app'
  railties (4.2.6) lib/rails/rack/logger.rb:20:in `block in call'
  activesupport (4.2.6) lib/active_support/tagged_logging.rb:68:in `block in tagged'
  activesupport (4.2.6) lib/active_support/tagged_logging.rb:26:in `tagged'
  activesupport (4.2.6) lib/active_support/tagged_logging.rb:68:in `tagged'
  railties (4.2.6) lib/rails/rack/logger.rb:20:in `call'
  actionpack (4.2.6) lib/action_dispatch/middleware/request_id.rb:21:in `call'
  rack (1.6.4) lib/rack/methodoverride.rb:22:in `call'
  rack (1.6.4) lib/rack/runtime.rb:18:in `call'
  activesupport (4.2.6) lib/active_support/cache/strategy/local_cache_middleware.rb:28:in `call'
  rack (1.6.4) lib/rack/lock.rb:17:in `call'
  actionpack (4.2.6) lib/action_dispatch/middleware/static.rb:120:in `call'
  rack (1.6.4) lib/rack/sendfile.rb:113:in `call'
  railties (4.2.6) lib/rails/engine.rb:518:in `call'
  railties (4.2.6) lib/rails/application.rb:165:in `call'
  rack (1.6.4) lib/rack/lock.rb:17:in `call'
  rack (1.6.4) lib/rack/content_length.rb:15:in `call'
  rack (1.6.4) lib/rack/handler/webrick.rb:88:in `service'
  /Users/samuelfrade/.rvm/rubies/ruby-2.2.1/lib/ruby/2.2.0/webrick/httpserver.rb:138:in `service'
  /Users/samuelfrade/.rvm/rubies/ruby-2.2.1/lib/ruby/2.2.0/webrick/httpserver.rb:94:in `run'
  /Users/samuelfrade/.rvm/rubies/ruby-2.2.1/lib/ruby/2.2.0/webrick/server.rb:294:in `block in start_thread'


  Rendered /Users/samuelfrade/.rvm/gems/ruby-2.2.1/gems/actionpack-4.2.6/lib/action_dispatch/middleware/templates/rescues/_source.erb (3.0ms)
  Rendered /Users/samuelfrade/.rvm/gems/ruby-2.2.1/gems/actionpack-4.2.6/lib/action_dispatch/middleware/templates/rescues/_trace.html.erb (1.5ms)
  Rendered /Users/samuelfrade/.rvm/gems/ruby-2.2.1/gems/actionpack-4.2.6/lib/action_dispatch/middleware/templates/rescues/_request_and_response.html.erb (9.2ms)
  Rendered /Users/samuelfrade/.rvm/gems/ruby-2.2.1/gems/actionpack-4.2.6/lib/action_dispatch/middleware/templates/rescues/diagnostics.html.erb within rescues/layout (59.1ms)
  Rendered /Users/samuelfrade/.rvm/gems/ruby-2.2.1/gems/web-console-2.3.0/lib/web_console/templates/_markup.html.erb (0.2ms)
  Rendered /Users/samuelfrade/.rvm/gems/ruby-2.2.1/gems/web-console-2.3.0/lib/web_console/templates/_inner_console_markup.html.erb within layouts/inlined_string (0.2ms)
  Rendered /Users/samuelfrade/.rvm/gems/ruby-2.2.1/gems/web-console-2.3.0/lib/web_console/templates/_prompt_box_markup.html.erb within layouts/inlined_string (0.2ms)
  Rendered /Users/samuelfrade/.rvm/gems/ruby-2.2.1/gems/web-console-2.3.0/lib/web_console/templates/style.css.erb within layouts/inlined_string (0.2ms)
  Rendered /Users/samuelfrade/.rvm/gems/ruby-2.2.1/gems/web-console-2.3.0/lib/web_console/templates/console.js.erb within layouts/javascript (35.5ms)
  Rendered /Users/samuelfrade/.rvm/gems/ruby-2.2.1/gems/web-console-2.3.0/lib/web_console/templates/main.js.erb within layouts/javascript (0.2ms)
  Rendered /Users/samuelfrade/.rvm/gems/ruby-2.2.1/gems/web-console-2.3.0/lib/web_console/templates/error_page.js.erb within layouts/javascript (0.3ms)
  Rendered /Users/samuelfrade/.rvm/gems/ruby-2.2.1/gems/web-console-2.3.0/lib/web_console/templates/index.html.erb (78.4ms)
  [1m[36mIngredient Load (1.0ms)[0m  [1mSELECT "ingredients".* FROM "ingredients"[0m


Started POST "/ingredients/" for ::1 at 2016-05-02 12:48:04 -0400
Processing by IngredientsController#create as */*
  Parameters: {"ingredient"=>{"name"=>"mayonaise", "calories"=>0}}
Can't verify CSRF token authenticity
Completed 500 Internal Server Error in 3ms (ActiveRecord: 0.0ms)

NameError (undefined local variable or method `sandwich_params' for #<IngredientsController:0x007f8d83f23ee8>):
  app/controllers/ingredients_controller.rb:3:in `create'


  Rendered /Users/samuelfrade/.rvm/gems/ruby-2.2.1/gems/actionpack-4.2.6/lib/action_dispatch/middleware/templates/rescues/_source.erb (3.6ms)
  Rendered /Users/samuelfrade/.rvm/gems/ruby-2.2.1/gems/actionpack-4.2.6/lib/action_dispatch/middleware/templates/rescues/_trace.html.erb (1.7ms)
  Rendered /Users/samuelfrade/.rvm/gems/ruby-2.2.1/gems/actionpack-4.2.6/lib/action_dispatch/middleware/templates/rescues/_request_and_response.html.erb (0.7ms)
  Rendered /Users/samuelfrade/.rvm/gems/ruby-2.2.1/gems/actionpack-4.2.6/lib/action_dispatch/middleware/templates/rescues/diagnostics.html.erb within rescues/layout (45.9ms)
  Rendered /Users/samuelfrade/.rvm/gems/ruby-2.2.1/gems/web-console-2.3.0/lib/web_console/templates/_markup.html.erb (0.2ms)
  Rendered /Users/samuelfrade/.rvm/gems/ruby-2.2.1/gems/web-console-2.3.0/lib/web_console/templates/_inner_console_markup.html.erb within layouts/inlined_string (0.2ms)
  Rendered /Users/samuelfrade/.rvm/gems/ruby-2.2.1/gems/web-console-2.3.0/lib/web_console/templates/_prompt_box_markup.html.erb within layouts/inlined_string (0.2ms)
  Rendered /Users/samuelfrade/.rvm/gems/ruby-2.2.1/gems/web-console-2.3.0/lib/web_console/templates/style.css.erb within layouts/inlined_string (0.2ms)
  Rendered /Users/samuelfrade/.rvm/gems/ruby-2.2.1/gems/web-console-2.3.0/lib/web_console/templates/console.js.erb within layouts/javascript (36.7ms)
  Rendered /Users/samuelfrade/.rvm/gems/ruby-2.2.1/gems/web-console-2.3.0/lib/web_console/templates/main.js.erb within layouts/javascript (0.2ms)
  Rendered /Users/samuelfrade/.rvm/gems/ruby-2.2.1/gems/web-console-2.3.0/lib/web_console/templates/error_page.js.erb within layouts/javascript (0.3ms)
  Rendered /Users/samuelfrade/.rvm/gems/ruby-2.2.1/gems/web-console-2.3.0/lib/web_console/templates/index.html.erb (83.4ms)


Started POST "/ingredients/" for ::1 at 2016-05-02 12:48:36 -0400
Processing by IngredientsController#create as */*
  Parameters: {"ingredient"=>{"name"=>"mayonaise", "calories"=>0}}
Can't verify CSRF token authenticity
  [1m[35m (0.1ms)[0m  begin transaction
  [1m[36mSQL (0.3ms)[0m  [1mINSERT INTO "ingredients" ("name", "calories", "created_at", "updated_at") VALUES (?, ?, ?, ?)[0m  [["name", "mayonaise"], ["calories", 0], ["created_at", "2016-05-02 16:48:36.314682"], ["updated_at", "2016-05-02 16:48:36.314682"]]
  [1m[35m (0.5ms)[0m  commit transaction
Completed 200 OK in 12ms (Views: 0.3ms | ActiveRecord: 1.2ms)
  [1m[35mIngredient Load (0.2ms)[0m  SELECT "ingredients".* FROM "ingredients"


Started POST "/ingredients/" for ::1 at 2016-05-02 13:31:26 -0400
Error occurred while parsing request parameters.
Contents:

{
    "ingredient":
    {
        "name": "mayonaise"
        "calories": 0
    }
}

ActionDispatch::ParamsParser::ParseError (795: unexpected token at '{
    "ingredient":
    {
        "name": "mayonaise"
        "calories": 0
    }
}'):
  actionpack (4.2.6) lib/action_dispatch/middleware/params_parser.rb:53:in `rescue in parse_formatted_parameters'
  actionpack (4.2.6) lib/action_dispatch/middleware/params_parser.rb:32:in `parse_formatted_parameters'
  actionpack (4.2.6) lib/action_dispatch/middleware/params_parser.rb:23:in `call'
  actionpack (4.2.6) lib/action_dispatch/middleware/flash.rb:260:in `call'
  rack (1.6.4) lib/rack/session/abstract/id.rb:225:in `context'
  rack (1.6.4) lib/rack/session/abstract/id.rb:220:in `call'
  actionpack (4.2.6) lib/action_dispatch/middleware/cookies.rb:560:in `call'
  activerecord (4.2.6) lib/active_record/query_cache.rb:36:in `call'
  activerecord (4.2.6) lib/active_record/connection_adapters/abstract/connection_pool.rb:653:in `call'
  activerecord (4.2.6) lib/active_record/migration.rb:377:in `call'
  actionpack (4.2.6) lib/action_dispatch/middleware/callbacks.rb:29:in `block in call'
  activesupport (4.2.6) lib/active_support/callbacks.rb:88:in `__run_callbacks__'
  activesupport (4.2.6) lib/active_support/callbacks.rb:778:in `_run_call_callbacks'
  activesupport (4.2.6) lib/active_support/callbacks.rb:81:in `run_callbacks'
  actionpack (4.2.6) lib/action_dispatch/middleware/callbacks.rb:27:in `call'
  actionpack (4.2.6) lib/action_dispatch/middleware/reloader.rb:73:in `call'
  actionpack (4.2.6) lib/action_dispatch/middleware/remote_ip.rb:78:in `call'
  actionpack (4.2.6) lib/action_dispatch/middleware/debug_exceptions.rb:17:in `call'
  web-console (2.3.0) lib/web_console/middleware.rb:28:in `block in call'
  web-console (2.3.0) lib/web_console/middleware.rb:18:in `catch'
  web-console (2.3.0) lib/web_console/middleware.rb:18:in `call'
  actionpack (4.2.6) lib/action_dispatch/middleware/show_exceptions.rb:30:in `call'
  railties (4.2.6) lib/rails/rack/logger.rb:38:in `call_app'
  railties (4.2.6) lib/rails/rack/logger.rb:20:in `block in call'
  activesupport (4.2.6) lib/active_support/tagged_logging.rb:68:in `block in tagged'
  activesupport (4.2.6) lib/active_support/tagged_logging.rb:26:in `tagged'
  activesupport (4.2.6) lib/active_support/tagged_logging.rb:68:in `tagged'
  railties (4.2.6) lib/rails/rack/logger.rb:20:in `call'
  actionpack (4.2.6) lib/action_dispatch/middleware/request_id.rb:21:in `call'
  rack (1.6.4) lib/rack/methodoverride.rb:22:in `call'
  rack (1.6.4) lib/rack/runtime.rb:18:in `call'
  activesupport (4.2.6) lib/active_support/cache/strategy/local_cache_middleware.rb:28:in `call'
  rack (1.6.4) lib/rack/lock.rb:17:in `call'
  actionpack (4.2.6) lib/action_dispatch/middleware/static.rb:120:in `call'
  rack (1.6.4) lib/rack/sendfile.rb:113:in `call'
  railties (4.2.6) lib/rails/engine.rb:518:in `call'
  railties (4.2.6) lib/rails/application.rb:165:in `call'
  rack (1.6.4) lib/rack/lock.rb:17:in `call'
  rack (1.6.4) lib/rack/content_length.rb:15:in `call'
  rack (1.6.4) lib/rack/handler/webrick.rb:88:in `service'
  /Users/samuelfrade/.rvm/rubies/ruby-2.2.1/lib/ruby/2.2.0/webrick/httpserver.rb:138:in `service'
  /Users/samuelfrade/.rvm/rubies/ruby-2.2.1/lib/ruby/2.2.0/webrick/httpserver.rb:94:in `run'
  /Users/samuelfrade/.rvm/rubies/ruby-2.2.1/lib/ruby/2.2.0/webrick/server.rb:294:in `block in start_thread'


  Rendered /Users/samuelfrade/.rvm/gems/ruby-2.2.1/gems/actionpack-4.2.6/lib/action_dispatch/middleware/templates/rescues/_source.erb (2.9ms)
  Rendered /Users/samuelfrade/.rvm/gems/ruby-2.2.1/gems/actionpack-4.2.6/lib/action_dispatch/middleware/templates/rescues/_trace.html.erb (1.4ms)
  Rendered /Users/samuelfrade/.rvm/gems/ruby-2.2.1/gems/actionpack-4.2.6/lib/action_dispatch/middleware/templates/rescues/_request_and_response.html.erb (0.8ms)
  Rendered /Users/samuelfrade/.rvm/gems/ruby-2.2.1/gems/actionpack-4.2.6/lib/action_dispatch/middleware/templates/rescues/diagnostics.html.erb within rescues/layout (44.0ms)
  Rendered /Users/samuelfrade/.rvm/gems/ruby-2.2.1/gems/web-console-2.3.0/lib/web_console/templates/_markup.html.erb (0.3ms)
  Rendered /Users/samuelfrade/.rvm/gems/ruby-2.2.1/gems/web-console-2.3.0/lib/web_console/templates/_inner_console_markup.html.erb within layouts/inlined_string (0.2ms)
  Rendered /Users/samuelfrade/.rvm/gems/ruby-2.2.1/gems/web-console-2.3.0/lib/web_console/templates/_prompt_box_markup.html.erb within layouts/inlined_string (0.2ms)
  Rendered /Users/samuelfrade/.rvm/gems/ruby-2.2.1/gems/web-console-2.3.0/lib/web_console/templates/style.css.erb within layouts/inlined_string (0.2ms)
  Rendered /Users/samuelfrade/.rvm/gems/ruby-2.2.1/gems/web-console-2.3.0/lib/web_console/templates/console.js.erb within layouts/javascript (36.5ms)
  Rendered /Users/samuelfrade/.rvm/gems/ruby-2.2.1/gems/web-console-2.3.0/lib/web_console/templates/main.js.erb within layouts/javascript (0.2ms)
  Rendered /Users/samuelfrade/.rvm/gems/ruby-2.2.1/gems/web-console-2.3.0/lib/web_console/templates/error_page.js.erb within layouts/javascript (0.2ms)
  Rendered /Users/samuelfrade/.rvm/gems/ruby-2.2.1/gems/web-console-2.3.0/lib/web_console/templates/index.html.erb (80.2ms)


Started POST "/sandwiches/" for ::1 at 2016-05-02 13:34:28 -0400
Error occurred while parsing request parameters.
Contents:

{
    "sandwich":
    {
        "name": "Club"
        "bread_type": "rye"
    }
}

ActionDispatch::ParamsParser::ParseError (795: unexpected token at '{
    "sandwich":
    {
        "name": "Club"
        "bread_type": "rye"
    }
}'):
  actionpack (4.2.6) lib/action_dispatch/middleware/params_parser.rb:53:in `rescue in parse_formatted_parameters'
  actionpack (4.2.6) lib/action_dispatch/middleware/params_parser.rb:32:in `parse_formatted_parameters'
  actionpack (4.2.6) lib/action_dispatch/middleware/params_parser.rb:23:in `call'
  actionpack (4.2.6) lib/action_dispatch/middleware/flash.rb:260:in `call'
  rack (1.6.4) lib/rack/session/abstract/id.rb:225:in `context'
  rack (1.6.4) lib/rack/session/abstract/id.rb:220:in `call'
  actionpack (4.2.6) lib/action_dispatch/middleware/cookies.rb:560:in `call'
  activerecord (4.2.6) lib/active_record/query_cache.rb:36:in `call'
  activerecord (4.2.6) lib/active_record/connection_adapters/abstract/connection_pool.rb:653:in `call'
  activerecord (4.2.6) lib/active_record/migration.rb:377:in `call'
  actionpack (4.2.6) lib/action_dispatch/middleware/callbacks.rb:29:in `block in call'
  activesupport (4.2.6) lib/active_support/callbacks.rb:88:in `__run_callbacks__'
  activesupport (4.2.6) lib/active_support/callbacks.rb:778:in `_run_call_callbacks'
  activesupport (4.2.6) lib/active_support/callbacks.rb:81:in `run_callbacks'
  actionpack (4.2.6) lib/action_dispatch/middleware/callbacks.rb:27:in `call'
  actionpack (4.2.6) lib/action_dispatch/middleware/reloader.rb:73:in `call'
  actionpack (4.2.6) lib/action_dispatch/middleware/remote_ip.rb:78:in `call'
  actionpack (4.2.6) lib/action_dispatch/middleware/debug_exceptions.rb:17:in `call'
  web-console (2.3.0) lib/web_console/middleware.rb:28:in `block in call'
  web-console (2.3.0) lib/web_console/middleware.rb:18:in `catch'
  web-console (2.3.0) lib/web_console/middleware.rb:18:in `call'
  actionpack (4.2.6) lib/action_dispatch/middleware/show_exceptions.rb:30:in `call'
  railties (4.2.6) lib/rails/rack/logger.rb:38:in `call_app'
  railties (4.2.6) lib/rails/rack/logger.rb:20:in `block in call'
  activesupport (4.2.6) lib/active_support/tagged_logging.rb:68:in `block in tagged'
  activesupport (4.2.6) lib/active_support/tagged_logging.rb:26:in `tagged'
  activesupport (4.2.6) lib/active_support/tagged_logging.rb:68:in `tagged'
  railties (4.2.6) lib/rails/rack/logger.rb:20:in `call'
  actionpack (4.2.6) lib/action_dispatch/middleware/request_id.rb:21:in `call'
  rack (1.6.4) lib/rack/methodoverride.rb:22:in `call'
  rack (1.6.4) lib/rack/runtime.rb:18:in `call'
  activesupport (4.2.6) lib/active_support/cache/strategy/local_cache_middleware.rb:28:in `call'
  rack (1.6.4) lib/rack/lock.rb:17:in `call'
  actionpack (4.2.6) lib/action_dispatch/middleware/static.rb:120:in `call'
  rack (1.6.4) lib/rack/sendfile.rb:113:in `call'
  railties (4.2.6) lib/rails/engine.rb:518:in `call'
  railties (4.2.6) lib/rails/application.rb:165:in `call'
  rack (1.6.4) lib/rack/lock.rb:17:in `call'
  rack (1.6.4) lib/rack/content_length.rb:15:in `call'
  rack (1.6.4) lib/rack/handler/webrick.rb:88:in `service'
  /Users/samuelfrade/.rvm/rubies/ruby-2.2.1/lib/ruby/2.2.0/webrick/httpserver.rb:138:in `service'
  /Users/samuelfrade/.rvm/rubies/ruby-2.2.1/lib/ruby/2.2.0/webrick/httpserver.rb:94:in `run'
  /Users/samuelfrade/.rvm/rubies/ruby-2.2.1/lib/ruby/2.2.0/webrick/server.rb:294:in `block in start_thread'


  Rendered /Users/samuelfrade/.rvm/gems/ruby-2.2.1/gems/actionpack-4.2.6/lib/action_dispatch/middleware/templates/rescues/_source.erb (2.3ms)
  Rendered /Users/samuelfrade/.rvm/gems/ruby-2.2.1/gems/actionpack-4.2.6/lib/action_dispatch/middleware/templates/rescues/_trace.html.erb (1.3ms)
  Rendered /Users/samuelfrade/.rvm/gems/ruby-2.2.1/gems/actionpack-4.2.6/lib/action_dispatch/middleware/templates/rescues/_request_and_response.html.erb (0.8ms)
  Rendered /Users/samuelfrade/.rvm/gems/ruby-2.2.1/gems/actionpack-4.2.6/lib/action_dispatch/middleware/templates/rescues/diagnostics.html.erb within rescues/layout (44.2ms)
  Rendered /Users/samuelfrade/.rvm/gems/ruby-2.2.1/gems/web-console-2.3.0/lib/web_console/templates/_markup.html.erb (0.2ms)
  Rendered /Users/samuelfrade/.rvm/gems/ruby-2.2.1/gems/web-console-2.3.0/lib/web_console/templates/_inner_console_markup.html.erb within layouts/inlined_string (0.2ms)
  Rendered /Users/samuelfrade/.rvm/gems/ruby-2.2.1/gems/web-console-2.3.0/lib/web_console/templates/_prompt_box_markup.html.erb within layouts/inlined_string (0.2ms)
  Rendered /Users/samuelfrade/.rvm/gems/ruby-2.2.1/gems/web-console-2.3.0/lib/web_console/templates/style.css.erb within layouts/inlined_string (0.2ms)
  Rendered /Users/samuelfrade/.rvm/gems/ruby-2.2.1/gems/web-console-2.3.0/lib/web_console/templates/console.js.erb within layouts/javascript (40.5ms)
  Rendered /Users/samuelfrade/.rvm/gems/ruby-2.2.1/gems/web-console-2.3.0/lib/web_console/templates/main.js.erb within layouts/javascript (0.2ms)
  Rendered /Users/samuelfrade/.rvm/gems/ruby-2.2.1/gems/web-console-2.3.0/lib/web_console/templates/error_page.js.erb within layouts/javascript (0.3ms)
  Rendered /Users/samuelfrade/.rvm/gems/ruby-2.2.1/gems/web-console-2.3.0/lib/web_console/templates/index.html.erb (87.3ms)


Started POST "/sandwiches/" for ::1 at 2016-05-02 13:34:36 -0400
Processing by SandwichesController#create as */*
  Parameters: {"sandwich"=>{"name"=>"Club", "bread_type"=>"rye"}}
Can't verify CSRF token authenticity
  [1m[36m (0.2ms)[0m  [1mbegin transaction[0m
  [1m[35mSQL (0.3ms)[0m  INSERT INTO "sandwiches" ("name", "bread_type", "created_at", "updated_at") VALUES (?, ?, ?, ?)  [["name", "Club"], ["bread_type", "rye"], ["created_at", "2016-05-02 17:34:36.569873"], ["updated_at", "2016-05-02 17:34:36.569873"]]
  [1m[36m (0.8ms)[0m  [1mcommit transaction[0m
Completed 200 OK in 7ms (Views: 0.3ms | ActiveRecord: 1.6ms)
  [1m[36mSandwich Load (0.2ms)[0m  [1mSELECT  "sandwiches".* FROM "sandwiches" LIMIT 1[0m
  [1m[36mSandwich Load (1.1ms)[0m  [1mSELECT  "sandwiches".* FROM "sandwiches" LIMIT 1[0m
  [1m[35mSandwich Load (0.2ms)[0m  SELECT  "sandwiches".* FROM "sandwiches" LIMIT 1
  [1m[36mIngredient Load (0.2ms)[0m  [1mSELECT "ingredients".* FROM "ingredients"[0m
  [1m[35mIngredient Load (1.4ms)[0m  SELECT  "ingredients".* FROM "ingredients" LIMIT 1
  [1m[36m (0.1ms)[0m  [1mbegin transaction[0m
  [1m[35mSQL (0.4ms)[0m  INSERT INTO "ingredients" ("name", "created_at", "updated_at") VALUES (?, ?, ?)  [["name", "mustard, calories: 0)\nIngredient.find_by(name: mustard"], ["created_at", "2016-05-02 17:48:29.206068"], ["updated_at", "2016-05-02 17:48:29.206068"]]
  [1m[36m (1.0ms)[0m  [1mcommit transaction[0m


Started GET "/sandwiches/1" for ::1 at 2016-05-02 13:52:20 -0400
  [1m[36mActiveRecord::SchemaMigration Load (0.1ms)[0m  [1mSELECT "schema_migrations".* FROM "schema_migrations"[0m
Processing by SandwichesController#show as */*
  Parameters: {"id"=>"1", "sandwich"=>{}}
  [1m[35mSandwich Load (0.2ms)[0m  SELECT  "sandwiches".* FROM "sandwiches" WHERE "sandwiches"."id" = ? LIMIT 1  [["id", 1]]
Completed 200 OK in 21ms (Views: 0.6ms | ActiveRecord: 0.5ms)


Started GET "/ingredients/1" for ::1 at 2016-05-02 13:52:31 -0400
Processing by IngredientsController#show as */*
  Parameters: {"id"=>"1", "ingredient"=>{}}
  [1m[36mIngredient Load (0.2ms)[0m  [1mSELECT  "ingredients".* FROM "ingredients" WHERE "ingredients"."id" = ? LIMIT 1[0m  [["id", 1]]
Completed 200 OK in 4ms (Views: 0.4ms | ActiveRecord: 0.4ms)


Started GET "/ingredients/2" for ::1 at 2016-05-02 13:52:38 -0400
Processing by IngredientsController#show as */*
  Parameters: {"id"=>"2", "ingredient"=>{}}
  [1m[35mIngredient Load (0.1ms)[0m  SELECT  "ingredients".* FROM "ingredients" WHERE "ingredients"."id" = ? LIMIT 1  [["id", 2]]
Completed 200 OK in 1ms (Views: 0.3ms | ActiveRecord: 0.1ms)


Started DELETE "/ingredients/2" for ::1 at 2016-05-02 13:54:30 -0400
Processing by IngredientsController#destroy as */*
  Parameters: {"sandwich"=>{"name"=>"Club", "bread_type"=>"rye"}, "id"=>"2", "ingredient"=>{}}
Can't verify CSRF token authenticity
  [1m[36mIngredient Load (0.1ms)[0m  [1mSELECT  "ingredients".* FROM "ingredients" WHERE "ingredients"."id" = ? LIMIT 1[0m  [["id", 2]]
  [1m[35m (0.1ms)[0m  begin transaction
  [1m[36mSQL (0.3ms)[0m  [1mDELETE FROM "ingredients" WHERE "ingredients"."id" = ?[0m  [["id", 2]]
  [1m[35m (1.0ms)[0m  commit transaction
Completed 200 OK in 3ms (Views: 0.4ms | ActiveRecord: 1.4ms)


Started GET "/ingredients/2" for ::1 at 2016-05-02 13:54:36 -0400
Processing by IngredientsController#show as */*
  Parameters: {"id"=>"2", "ingredient"=>{}}
  [1m[36mIngredient Load (0.1ms)[0m  [1mSELECT  "ingredients".* FROM "ingredients" WHERE "ingredients"."id" = ? LIMIT 1[0m  [["id", 2]]
Completed 404 Not Found in 1ms (Views: 0.1ms | ActiveRecord: 0.1ms)


Started GET "/ingredients/1" for ::1 at 2016-05-02 14:37:52 -0400
Processing by IngredientsController#show as */*
  Parameters: {"id"=>"1", "ingredient"=>{}}
  [1m[35mIngredient Load (0.1ms)[0m  SELECT  "ingredients".* FROM "ingredients" WHERE "ingredients"."id" = ? LIMIT 1  [["id", 1]]
Completed 200 OK in 4ms (Views: 0.5ms | ActiveRecord: 0.6ms)


Started GET "/ingredients/2" for ::1 at 2016-05-02 14:37:57 -0400
Processing by IngredientsController#show as */*
  Parameters: {"id"=>"2", "ingredient"=>{}}
  [1m[36mIngredient Load (0.1ms)[0m  [1mSELECT  "ingredients".* FROM "ingredients" WHERE "ingredients"."id" = ? LIMIT 1[0m  [["id", 2]]
Completed 404 Not Found in 1ms (Views: 0.1ms | ActiveRecord: 0.1ms)


Started GET "/sandwiches/1" for ::1 at 2016-05-02 14:38:09 -0400
Processing by SandwichesController#show as */*
  Parameters: {"id"=>"1", "sandwich"=>{}}
  [1m[35mSandwich Load (0.1ms)[0m  SELECT  "sandwiches".* FROM "sandwiches" WHERE "sandwiches"."id" = ? LIMIT 1  [["id", 1]]
Completed 500 Internal Server Error in 6ms (ActiveRecord: 0.4ms)

NameError (undefined local variable or method `ingredient' for #<SandwichesController:0x007fea82a43ae8>):
  app/controllers/sandwiches_controller.rb:57:in `load_sandwich'
  app/controllers/sandwiches_controller.rb:14:in `show'


  Rendered /Users/samuelfrade/.rvm/gems/ruby-2.2.1/gems/actionpack-4.2.6/lib/action_dispatch/middleware/templates/rescues/_source.erb (3.6ms)
  Rendered /Users/samuelfrade/.rvm/gems/ruby-2.2.1/gems/actionpack-4.2.6/lib/action_dispatch/middleware/templates/rescues/_trace.html.erb (1.7ms)
  Rendered /Users/samuelfrade/.rvm/gems/ruby-2.2.1/gems/actionpack-4.2.6/lib/action_dispatch/middleware/templates/rescues/_request_and_response.html.erb (0.7ms)
  Rendered /Users/samuelfrade/.rvm/gems/ruby-2.2.1/gems/actionpack-4.2.6/lib/action_dispatch/middleware/templates/rescues/diagnostics.html.erb within rescues/layout (51.2ms)
  Rendered /Users/samuelfrade/.rvm/gems/ruby-2.2.1/gems/web-console-2.3.0/lib/web_console/templates/_markup.html.erb (0.3ms)
  Rendered /Users/samuelfrade/.rvm/gems/ruby-2.2.1/gems/web-console-2.3.0/lib/web_console/templates/_inner_console_markup.html.erb within layouts/inlined_string (0.2ms)
  Rendered /Users/samuelfrade/.rvm/gems/ruby-2.2.1/gems/web-console-2.3.0/lib/web_console/templates/_prompt_box_markup.html.erb within layouts/inlined_string (0.2ms)
  Rendered /Users/samuelfrade/.rvm/gems/ruby-2.2.1/gems/web-console-2.3.0/lib/web_console/templates/style.css.erb within layouts/inlined_string (0.3ms)
  Rendered /Users/samuelfrade/.rvm/gems/ruby-2.2.1/gems/web-console-2.3.0/lib/web_console/templates/console.js.erb within layouts/javascript (39.2ms)
  Rendered /Users/samuelfrade/.rvm/gems/ruby-2.2.1/gems/web-console-2.3.0/lib/web_console/templates/main.js.erb within layouts/javascript (0.2ms)
  Rendered /Users/samuelfrade/.rvm/gems/ruby-2.2.1/gems/web-console-2.3.0/lib/web_console/templates/error_page.js.erb within layouts/javascript (0.2ms)
  Rendered /Users/samuelfrade/.rvm/gems/ruby-2.2.1/gems/web-console-2.3.0/lib/web_console/templates/index.html.erb (84.6ms)


Started GET "/sandwiches/1" for ::1 at 2016-05-02 14:38:32 -0400
Processing by SandwichesController#show as */*
  Parameters: {"id"=>"1", "sandwich"=>{}}
  [1m[36mSandwich Load (0.1ms)[0m  [1mSELECT  "sandwiches".* FROM "sandwiches" WHERE "sandwiches"."id" = ? LIMIT 1[0m  [["id", 1]]
Completed 500 Internal Server Error in 5ms (ActiveRecord: 0.5ms)

NameError (undefined local variable or method `sandwich' for #<SandwichesController:0x007fea82bae388>):
  app/controllers/sandwiches_controller.rb:15:in `show'


  Rendered /Users/samuelfrade/.rvm/gems/ruby-2.2.1/gems/actionpack-4.2.6/lib/action_dispatch/middleware/templates/rescues/_source.erb (3.5ms)
  Rendered /Users/samuelfrade/.rvm/gems/ruby-2.2.1/gems/actionpack-4.2.6/lib/action_dispatch/middleware/templates/rescues/_trace.html.erb (1.7ms)
  Rendered /Users/samuelfrade/.rvm/gems/ruby-2.2.1/gems/actionpack-4.2.6/lib/action_dispatch/middleware/templates/rescues/_request_and_response.html.erb (0.7ms)
  Rendered /Users/samuelfrade/.rvm/gems/ruby-2.2.1/gems/actionpack-4.2.6/lib/action_dispatch/middleware/templates/rescues/diagnostics.html.erb within rescues/layout (45.0ms)
  Rendered /Users/samuelfrade/.rvm/gems/ruby-2.2.1/gems/web-console-2.3.0/lib/web_console/templates/_markup.html.erb (0.2ms)
  Rendered /Users/samuelfrade/.rvm/gems/ruby-2.2.1/gems/web-console-2.3.0/lib/web_console/templates/_inner_console_markup.html.erb within layouts/inlined_string (0.2ms)
  Rendered /Users/samuelfrade/.rvm/gems/ruby-2.2.1/gems/web-console-2.3.0/lib/web_console/templates/_prompt_box_markup.html.erb within layouts/inlined_string (0.2ms)
  Rendered /Users/samuelfrade/.rvm/gems/ruby-2.2.1/gems/web-console-2.3.0/lib/web_console/templates/style.css.erb within layouts/inlined_string (0.2ms)
  Rendered /Users/samuelfrade/.rvm/gems/ruby-2.2.1/gems/web-console-2.3.0/lib/web_console/templates/console.js.erb within layouts/javascript (35.9ms)
  Rendered /Users/samuelfrade/.rvm/gems/ruby-2.2.1/gems/web-console-2.3.0/lib/web_console/templates/main.js.erb within layouts/javascript (0.2ms)
  Rendered /Users/samuelfrade/.rvm/gems/ruby-2.2.1/gems/web-console-2.3.0/lib/web_console/templates/error_page.js.erb within layouts/javascript (0.3ms)
  Rendered /Users/samuelfrade/.rvm/gems/ruby-2.2.1/gems/web-console-2.3.0/lib/web_console/templates/index.html.erb (79.5ms)


Started GET "/sandwiches/1" for ::1 at 2016-05-02 14:38:57 -0400
Processing by SandwichesController#show as */*
  Parameters: {"id"=>"1", "sandwich"=>{}}
  [1m[35mSandwich Load (0.2ms)[0m  SELECT  "sandwiches".* FROM "sandwiches" WHERE "sandwiches"."id" = ? LIMIT 1  [["id", 1]]
Completed 200 OK in 3ms (Views: 0.4ms | ActiveRecord: 0.5ms)


Started GET "/sandwiches/2" for ::1 at 2016-05-02 14:39:02 -0400
Processing by SandwichesController#show as */*
  Parameters: {"id"=>"2", "sandwich"=>{}}
  [1m[36mSandwich Load (0.1ms)[0m  [1mSELECT  "sandwiches".* FROM "sandwiches" WHERE "sandwiches"."id" = ? LIMIT 1[0m  [["id", 2]]
Completed 404 Not Found in 1ms (Views: 0.2ms | ActiveRecord: 0.1ms)


Started GET "/sandwiches/1" for ::1 at 2016-05-02 14:39:08 -0400
Processing by SandwichesController#show as */*
  Parameters: {"id"=>"1", "sandwich"=>{}}
  [1m[35mSandwich Load (0.1ms)[0m  SELECT  "sandwiches".* FROM "sandwiches" WHERE "sandwiches"."id" = ? LIMIT 1  [["id", 1]]
Completed 200 OK in 1ms (Views: 0.4ms | ActiveRecord: 0.1ms)


Started POST "/sandwiches/" for ::1 at 2016-05-02 14:39:43 -0400
Processing by SandwichesController#create as */*
  Parameters: {"sandwich"=>{"name"=>"Cuban", "bread_type"=>"flauta"}}
Can't verify CSRF token authenticity
  [1m[36m (0.1ms)[0m  [1mbegin transaction[0m
  [1m[35mSQL (0.3ms)[0m  INSERT INTO "sandwiches" ("name", "bread_type", "created_at", "updated_at") VALUES (?, ?, ?, ?)  [["name", "Cuban"], ["bread_type", "flauta"], ["created_at", "2016-05-02 18:39:43.502679"], ["updated_at", "2016-05-02 18:39:43.502679"]]
  [1m[36m (0.6ms)[0m  [1mcommit transaction[0m
Completed 200 OK in 5ms (Views: 0.2ms | ActiveRecord: 0.9ms)


Started GET "/sandwiches/2" for ::1 at 2016-05-02 14:39:53 -0400
Processing by SandwichesController#show as */*
  Parameters: {"id"=>"2", "sandwich"=>{}}
  [1m[35mSandwich Load (0.1ms)[0m  SELECT  "sandwiches".* FROM "sandwiches" WHERE "sandwiches"."id" = ? LIMIT 1  [["id", 2]]
Completed 200 OK in 1ms (Views: 0.4ms | ActiveRecord: 0.1ms)


Started DELETE "/sandwiches/1" for ::1 at 2016-05-02 14:40:04 -0400
Processing by SandwichesController#destroy as */*
  Parameters: {"sandwich"=>{"name"=>"Cuban", "bread_type"=>"flauta"}, "id"=>"1"}
Can't verify CSRF token authenticity
  [1m[36mSandwich Load (0.1ms)[0m  [1mSELECT  "sandwiches".* FROM "sandwiches" WHERE "sandwiches"."id" = ? LIMIT 1[0m  [["id", 1]]
  [1m[35m (0.0ms)[0m  begin transaction
  [1m[36mSQL (0.9ms)[0m  [1mDELETE FROM "sandwiches" WHERE "sandwiches"."id" = ?[0m  [["id", 1]]
  [1m[35m (1.1ms)[0m  commit transaction
Completed 200 OK in 4ms (Views: 0.5ms | ActiveRecord: 2.1ms)


Started GET "/sandwiches/1" for ::1 at 2016-05-02 14:40:10 -0400
Processing by SandwichesController#show as */*
  Parameters: {"id"=>"1", "sandwich"=>{}}
  [1m[36mSandwich Load (0.1ms)[0m  [1mSELECT  "sandwiches".* FROM "sandwiches" WHERE "sandwiches"."id" = ? LIMIT 1[0m  [["id", 1]]
Completed 404 Not Found in 1ms (Views: 0.1ms | ActiveRecord: 0.1ms)
  [1m[36mActiveRecord::SchemaMigration Load (0.1ms)[0m  [1mSELECT "schema_migrations".* FROM "schema_migrations"[0m
Migrating to CreateSandwichIngredients (20160502184204)
  [1m[35m (0.1ms)[0m  begin transaction
  [1m[36m (0.4ms)[0m  [1mCREATE TABLE "sandwich_ingredients" ("id" INTEGER PRIMARY KEY AUTOINCREMENT NOT NULL, "sandwich_id" integer, "ingredient_id" integer, "created_at" datetime NOT NULL, "updated_at" datetime NOT NULL) [0m
  [1m[35mSQL (0.1ms)[0m  INSERT INTO "schema_migrations" ("version") VALUES (?)  [["version", "20160502184204"]]
  [1m[36m (0.8ms)[0m  [1mcommit transaction[0m
  [1m[35mActiveRecord::SchemaMigration Load (0.1ms)[0m  SELECT "schema_migrations".* FROM "schema_migrations"
  [1m[36mIngredient Load (1.0ms)[0m  [1mSELECT "ingredients".* FROM "ingredients"[0m
  [1m[35mSandwich Load (0.2ms)[0m  SELECT "sandwiches".* FROM "sandwiches"
  [1m[36m (0.1ms)[0m  [1mbegin transaction[0m
  [1m[35mSQL (0.4ms)[0m  INSERT INTO "ingredients" ("name", "calories", "created_at", "updated_at") VALUES (?, ?, ?, ?)  [["name", "swiss cheese"], ["calories", 100], ["created_at", "2016-05-02 18:52:29.237997"], ["updated_at", "2016-05-02 18:52:29.237997"]]
  [1m[36m (1.0ms)[0m  [1mcommit transaction[0m
  [1m[35m (0.1ms)[0m  begin transaction
  [1m[36mSQL (1.1ms)[0m  [1mINSERT INTO "ingredients" ("name", "calories", "created_at", "updated_at") VALUES (?, ?, ?, ?)[0m  [["name", "ham"], ["calories", 70], ["created_at", "2016-05-02 18:53:04.376821"], ["updated_at", "2016-05-02 18:53:04.376821"]]
  [1m[35m (1.2ms)[0m  commit transaction
  [1m[36m (0.9ms)[0m  [1mbegin transaction[0m
  [1m[35mSQL (0.3ms)[0m  INSERT INTO "ingredients" ("name", "calories", "created_at", "updated_at") VALUES (?, ?, ?, ?)  [["name", "roast pork"], ["calories", 60], ["created_at", "2016-05-02 18:53:37.375236"], ["updated_at", "2016-05-02 18:53:37.375236"]]
  [1m[36m (1.1ms)[0m  [1mcommit transaction[0m
  [1m[35m (1.3ms)[0m  begin transaction
  [1m[36mSQL (0.3ms)[0m  [1mINSERT INTO "ingredients" ("name", "calories", "created_at", "updated_at") VALUES (?, ?, ?, ?)[0m  [["name", "pickles"], ["calories", 10], ["created_at", "2016-05-02 18:54:25.231607"], ["updated_at", "2016-05-02 18:54:25.231607"]]
  [1m[35m (1.2ms)[0m  commit transaction
  [1m[36mIngredient Load (0.2ms)[0m  [1mSELECT  "ingredients".* FROM "ingredients" WHERE "ingredients"."name" = ? LIMIT 1[0m  [["name", "mustard"]]
  [1m[35mSandwich Load (1.3ms)[0m  SELECT  "sandwiches".* FROM "sandwiches" WHERE "sandwiches"."name" = ? LIMIT 1  [["name", "Cuban"]]
  [1m[36mSandwich Load (0.1ms)[0m  [1mSELECT  "sandwiches".* FROM "sandwiches" WHERE "sandwiches"."name" = ? LIMIT 1[0m  [["name", "Cuban"]]
  [1m[35mIngredient Load (0.1ms)[0m  SELECT  "ingredients".* FROM "ingredients" WHERE "ingredients"."name" = ? LIMIT 1  [["name", "swiss cheese"]]
  [1m[36m (0.1ms)[0m  [1mbegin transaction[0m
  [1m[35mSQL (1.5ms)[0m  INSERT INTO "sandwich_ingredients" ("sandwich_id", "ingredient_id", "created_at", "updated_at") VALUES (?, ?, ?, ?)  [["sandwich_id", 2], ["ingredient_id", 3], ["created_at", "2016-05-02 19:02:48.895968"], ["updated_at", "2016-05-02 19:02:48.895968"]]
  [1m[36m (0.6ms)[0m  [1mcommit transaction[0m
  [1m[35mIngredient Load (0.2ms)[0m  SELECT "ingredients".* FROM "ingredients" INNER JOIN "sandwich_ingredients" ON "ingredients"."id" = "sandwich_ingredients"."ingredient_id" WHERE "sandwich_ingredients"."sandwich_id" = ?  [["sandwich_id", 2]]
  [1m[36mIngredient Load (0.1ms)[0m  [1mSELECT  "ingredients".* FROM "ingredients" WHERE "ingredients"."name" = ? LIMIT 1[0m  [["name", "ham"]]
  [1m[35m (0.1ms)[0m  begin transaction
  [1m[36mSQL (0.3ms)[0m  [1mINSERT INTO "sandwich_ingredients" ("sandwich_id", "ingredient_id", "created_at", "updated_at") VALUES (?, ?, ?, ?)[0m  [["sandwich_id", 2], ["ingredient_id", 4], ["created_at", "2016-05-02 19:04:49.728866"], ["updated_at", "2016-05-02 19:04:49.728866"]]
  [1m[35m (1.6ms)[0m  commit transaction
  [1m[36mSandwichIngredient Load (0.2ms)[0m  [1mSELECT "sandwich_ingredients".* FROM "sandwich_ingredients"[0m


Started GET "/sandwiches/" for ::1 at 2016-05-02 15:23:44 -0400
  [1m[35mActiveRecord::SchemaMigration Load (0.1ms)[0m  SELECT "schema_migrations".* FROM "schema_migrations"
Processing by SandwichesController#index as */*
  Parameters: {"sandwich"=>{}}
  [1m[36mSandwich Load (0.1ms)[0m  [1mSELECT "sandwiches".* FROM "sandwiches"[0m
Completed 200 OK in 3ms (Views: 2.6ms | ActiveRecord: 0.4ms)


Started GET "/sandwiches/2" for ::1 at 2016-05-02 15:23:52 -0400
Processing by SandwichesController#show as */*
  Parameters: {"id"=>"2", "sandwich"=>{}}
  [1m[35mSandwich Load (0.2ms)[0m  SELECT  "sandwiches".* FROM "sandwiches" WHERE "sandwiches"."id" = ? LIMIT 1  [["id", 2]]
  [1m[36mIngredient Load (0.2ms)[0m  [1mSELECT "ingredients".* FROM "ingredients" INNER JOIN "sandwich_ingredients" ON "ingredients"."id" = "sandwich_ingredients"."ingredient_id" WHERE "sandwich_ingredients"."sandwich_id" = ?[0m  [["sandwich_id", 2]]
Completed 200 OK in 28ms (Views: 0.1ms | ActiveRecord: 0.6ms)


Started GET "/sandwiches/2" for ::1 at 2016-05-02 15:24:06 -0400
Processing by SandwichesController#show as HTML
  Parameters: {"id"=>"2"}
  [1m[35mSandwich Load (0.1ms)[0m  SELECT  "sandwiches".* FROM "sandwiches" WHERE "sandwiches"."id" = ? LIMIT 1  [["id", 2]]
  [1m[36mIngredient Load (0.1ms)[0m  [1mSELECT "ingredients".* FROM "ingredients" INNER JOIN "sandwich_ingredients" ON "ingredients"."id" = "sandwich_ingredients"."ingredient_id" WHERE "sandwich_ingredients"."sandwich_id" = ?[0m  [["sandwich_id", 2]]
Completed 200 OK in 2ms (Views: 0.1ms | ActiveRecord: 0.2ms)


Started GET "/sandwiches/2" for ::1 at 2016-05-02 15:26:22 -0400
Processing by SandwichesController#show as HTML
  Parameters: {"id"=>"2"}
  [1m[35mSandwich Load (0.1ms)[0m  SELECT  "sandwiches".* FROM "sandwiches" WHERE "sandwiches"."id" = ? LIMIT 1  [["id", 2]]
  [1m[36mIngredient Load (0.1ms)[0m  [1mSELECT "ingredients".* FROM "ingredients" INNER JOIN "sandwich_ingredients" ON "ingredients"."id" = "sandwich_ingredients"."ingredient_id" WHERE "sandwich_ingredients"."sandwich_id" = ?[0m  [["sandwich_id", 2]]
Completed 200 OK in 19ms (Views: 0.2ms | ActiveRecord: 0.9ms)
  [1m[35m (3.2ms)[0m  begin transaction
  [1m[36mSQL (0.4ms)[0m  [1mINSERT INTO "sandwiches" ("name", "bread_type", "created_at", "updated_at") VALUES (?, ?, ?, ?)[0m  [["name", "ham and swiss"], ["bread_type", "rye"], ["created_at", "2016-05-02 19:43:41.342749"], ["updated_at", "2016-05-02 19:43:41.342749"]]
  [1m[35m (1.2ms)[0m  commit transaction
  [1m[36mIngredient Load (3.4ms)[0m  [1mSELECT "ingredients".* FROM "ingredients"[0m


Started GET "/sandwiches/" for ::1 at 2016-05-02 15:45:07 -0400
Processing by SandwichesController#index as */*
  Parameters: {"sandwich"=>{}}
  [1m[35mSandwich Load (0.1ms)[0m  SELECT "sandwiches".* FROM "sandwiches"
Completed 200 OK in 3ms (Views: 2.7ms | ActiveRecord: 0.4ms)


Started GET "/sandwiches/3" for ::1 at 2016-05-02 15:45:19 -0400
Processing by SandwichesController#show as */*
  Parameters: {"id"=>"3", "sandwich"=>{}}
  [1m[36mSandwich Load (0.2ms)[0m  [1mSELECT  "sandwiches".* FROM "sandwiches" WHERE "sandwiches"."id" = ? LIMIT 1[0m  [["id", 3]]
  [1m[35mIngredient Load (0.1ms)[0m  SELECT "ingredients".* FROM "ingredients" INNER JOIN "sandwich_ingredients" ON "ingredients"."id" = "sandwich_ingredients"."ingredient_id" WHERE "sandwich_ingredients"."sandwich_id" = ?  [["sandwich_id", 3]]
Completed 200 OK in 10ms (Views: 0.1ms | ActiveRecord: 0.6ms)
  [1m[35mIngredient Load (0.1ms)[0m  SELECT  "ingredients".* FROM "ingredients" WHERE "ingredients"."name" = ? LIMIT 1  [["name", "ham"]]
  [1m[36mIngredient Load (0.1ms)[0m  [1mSELECT  "ingredients".* FROM "ingredients" WHERE "ingredients"."name" = ? LIMIT 1[0m  [["name", "swiss chess"]]
  [1m[35mIngredient Load (0.1ms)[0m  SELECT  "ingredients".* FROM "ingredients" WHERE "ingredients"."name" = ? LIMIT 1  [["name", "swiss cheese"]]


Started POST "/sandwiches/3/add" for ::1 at 2016-05-02 15:47:17 -0400

ActionController::RoutingError (No route matches [POST] "/sandwiches/3/add"):
  actionpack (4.2.6) lib/action_dispatch/middleware/debug_exceptions.rb:21:in `call'
  web-console (2.3.0) lib/web_console/middleware.rb:28:in `block in call'
  web-console (2.3.0) lib/web_console/middleware.rb:18:in `catch'
  web-console (2.3.0) lib/web_console/middleware.rb:18:in `call'
  actionpack (4.2.6) lib/action_dispatch/middleware/show_exceptions.rb:30:in `call'
  railties (4.2.6) lib/rails/rack/logger.rb:38:in `call_app'
  railties (4.2.6) lib/rails/rack/logger.rb:20:in `block in call'
  activesupport (4.2.6) lib/active_support/tagged_logging.rb:68:in `block in tagged'
  activesupport (4.2.6) lib/active_support/tagged_logging.rb:26:in `tagged'
  activesupport (4.2.6) lib/active_support/tagged_logging.rb:68:in `tagged'
  railties (4.2.6) lib/rails/rack/logger.rb:20:in `call'
  actionpack (4.2.6) lib/action_dispatch/middleware/request_id.rb:21:in `call'
  rack (1.6.4) lib/rack/methodoverride.rb:22:in `call'
  rack (1.6.4) lib/rack/runtime.rb:18:in `call'
  activesupport (4.2.6) lib/active_support/cache/strategy/local_cache_middleware.rb:28:in `call'
  rack (1.6.4) lib/rack/lock.rb:17:in `call'
  actionpack (4.2.6) lib/action_dispatch/middleware/static.rb:120:in `call'
  rack (1.6.4) lib/rack/sendfile.rb:113:in `call'
  railties (4.2.6) lib/rails/engine.rb:518:in `call'
  railties (4.2.6) lib/rails/application.rb:165:in `call'
  rack (1.6.4) lib/rack/lock.rb:17:in `call'
  rack (1.6.4) lib/rack/content_length.rb:15:in `call'
  rack (1.6.4) lib/rack/handler/webrick.rb:88:in `service'
  /Users/samuelfrade/.rvm/rubies/ruby-2.2.1/lib/ruby/2.2.0/webrick/httpserver.rb:138:in `service'
  /Users/samuelfrade/.rvm/rubies/ruby-2.2.1/lib/ruby/2.2.0/webrick/httpserver.rb:94:in `run'
  /Users/samuelfrade/.rvm/rubies/ruby-2.2.1/lib/ruby/2.2.0/webrick/server.rb:294:in `block in start_thread'


  Rendered /Users/samuelfrade/.rvm/gems/ruby-2.2.1/gems/actionpack-4.2.6/lib/action_dispatch/middleware/templates/rescues/_trace.html.erb (1.3ms)
  Rendered /Users/samuelfrade/.rvm/gems/ruby-2.2.1/gems/actionpack-4.2.6/lib/action_dispatch/middleware/templates/routes/_route.html.erb (1.1ms)
  Rendered /Users/samuelfrade/.rvm/gems/ruby-2.2.1/gems/actionpack-4.2.6/lib/action_dispatch/middleware/templates/routes/_table.html.erb (8.6ms)
  Rendered /Users/samuelfrade/.rvm/gems/ruby-2.2.1/gems/actionpack-4.2.6/lib/action_dispatch/middleware/templates/rescues/_request_and_response.html.erb (0.9ms)
  Rendered /Users/samuelfrade/.rvm/gems/ruby-2.2.1/gems/actionpack-4.2.6/lib/action_dispatch/middleware/templates/rescues/routing_error.html.erb within rescues/layout (77.9ms)
  Rendered /Users/samuelfrade/.rvm/gems/ruby-2.2.1/gems/web-console-2.3.0/lib/web_console/templates/_markup.html.erb (0.3ms)
  Rendered /Users/samuelfrade/.rvm/gems/ruby-2.2.1/gems/web-console-2.3.0/lib/web_console/templates/_inner_console_markup.html.erb within layouts/inlined_string (0.2ms)
  Rendered /Users/samuelfrade/.rvm/gems/ruby-2.2.1/gems/web-console-2.3.0/lib/web_console/templates/_prompt_box_markup.html.erb within layouts/inlined_string (0.2ms)
  Rendered /Users/samuelfrade/.rvm/gems/ruby-2.2.1/gems/web-console-2.3.0/lib/web_console/templates/style.css.erb within layouts/inlined_string (0.2ms)
  Rendered /Users/samuelfrade/.rvm/gems/ruby-2.2.1/gems/web-console-2.3.0/lib/web_console/templates/console.js.erb within layouts/javascript (38.4ms)
  Rendered /Users/samuelfrade/.rvm/gems/ruby-2.2.1/gems/web-console-2.3.0/lib/web_console/templates/main.js.erb within layouts/javascript (0.2ms)
  Rendered /Users/samuelfrade/.rvm/gems/ruby-2.2.1/gems/web-console-2.3.0/lib/web_console/templates/error_page.js.erb within layouts/javascript (0.3ms)
  Rendered /Users/samuelfrade/.rvm/gems/ruby-2.2.1/gems/web-console-2.3.0/lib/web_console/templates/index.html.erb (85.7ms)


Started POST "/sandwiches/3/ingredients/add" for ::1 at 2016-05-02 15:47:49 -0400
Processing by SandwichesController#add_ingredient as */*
  Parameters: {"ingredient_id"=>3, "id"=>"3", "sandwich"=>{}}
Can't verify CSRF token authenticity
  [1m[36mSandwich Load (0.1ms)[0m  [1mSELECT  "sandwiches".* FROM "sandwiches" WHERE "sandwiches"."id" = ? LIMIT 1[0m  [["id", 3]]
  [1m[35mIngredient Load (0.1ms)[0m  SELECT  "ingredients".* FROM "ingredients" WHERE "ingredients"."id" = ? LIMIT 1  [["id", 3]]
  [1m[36m (0.1ms)[0m  [1mbegin transaction[0m
  [1m[35mSQL (0.4ms)[0m  INSERT INTO "sandwich_ingredients" ("sandwich_id", "ingredient_id", "created_at", "updated_at") VALUES (?, ?, ?, ?)  [["sandwich_id", 3], ["ingredient_id", 3], ["created_at", "2016-05-02 19:47:49.655611"], ["updated_at", "2016-05-02 19:47:49.655611"]]
  [1m[36m (0.6ms)[0m  [1mcommit transaction[0m
Redirected to http://localhost:3000/sandwiches/3
Completed 302 Found in 15ms (ActiveRecord: 1.4ms)


Started GET "/sandwiches/3" for ::1 at 2016-05-02 15:47:49 -0400
Processing by SandwichesController#show as */*
  Parameters: {"id"=>"3"}
  [1m[35mSandwich Load (0.1ms)[0m  SELECT  "sandwiches".* FROM "sandwiches" WHERE "sandwiches"."id" = ? LIMIT 1  [["id", 3]]
  [1m[36mIngredient Load (0.1ms)[0m  [1mSELECT "ingredients".* FROM "ingredients" INNER JOIN "sandwich_ingredients" ON "ingredients"."id" = "sandwich_ingredients"."ingredient_id" WHERE "sandwich_ingredients"."sandwich_id" = ?[0m  [["sandwich_id", 3]]
Completed 200 OK in 2ms (Views: 0.1ms | ActiveRecord: 0.1ms)


Started POST "/sandwiches/3/" for ::1 at 2016-05-02 15:48:15 -0400

ActionController::RoutingError (No route matches [POST] "/sandwiches/3"):
  actionpack (4.2.6) lib/action_dispatch/middleware/debug_exceptions.rb:21:in `call'
  web-console (2.3.0) lib/web_console/middleware.rb:28:in `block in call'
  web-console (2.3.0) lib/web_console/middleware.rb:18:in `catch'
  web-console (2.3.0) lib/web_console/middleware.rb:18:in `call'
  actionpack (4.2.6) lib/action_dispatch/middleware/show_exceptions.rb:30:in `call'
  railties (4.2.6) lib/rails/rack/logger.rb:38:in `call_app'
  railties (4.2.6) lib/rails/rack/logger.rb:20:in `block in call'
  activesupport (4.2.6) lib/active_support/tagged_logging.rb:68:in `block in tagged'
  activesupport (4.2.6) lib/active_support/tagged_logging.rb:26:in `tagged'
  activesupport (4.2.6) lib/active_support/tagged_logging.rb:68:in `tagged'
  railties (4.2.6) lib/rails/rack/logger.rb:20:in `call'
  actionpack (4.2.6) lib/action_dispatch/middleware/request_id.rb:21:in `call'
  rack (1.6.4) lib/rack/methodoverride.rb:22:in `call'
  rack (1.6.4) lib/rack/runtime.rb:18:in `call'
  activesupport (4.2.6) lib/active_support/cache/strategy/local_cache_middleware.rb:28:in `call'
  rack (1.6.4) lib/rack/lock.rb:17:in `call'
  actionpack (4.2.6) lib/action_dispatch/middleware/static.rb:120:in `call'
  rack (1.6.4) lib/rack/sendfile.rb:113:in `call'
  railties (4.2.6) lib/rails/engine.rb:518:in `call'
  railties (4.2.6) lib/rails/application.rb:165:in `call'
  rack (1.6.4) lib/rack/lock.rb:17:in `call'
  rack (1.6.4) lib/rack/content_length.rb:15:in `call'
  rack (1.6.4) lib/rack/handler/webrick.rb:88:in `service'
  /Users/samuelfrade/.rvm/rubies/ruby-2.2.1/lib/ruby/2.2.0/webrick/httpserver.rb:138:in `service'
  /Users/samuelfrade/.rvm/rubies/ruby-2.2.1/lib/ruby/2.2.0/webrick/httpserver.rb:94:in `run'
  /Users/samuelfrade/.rvm/rubies/ruby-2.2.1/lib/ruby/2.2.0/webrick/server.rb:294:in `block in start_thread'


  Rendered /Users/samuelfrade/.rvm/gems/ruby-2.2.1/gems/actionpack-4.2.6/lib/action_dispatch/middleware/templates/rescues/_trace.html.erb (1.2ms)
  Rendered /Users/samuelfrade/.rvm/gems/ruby-2.2.1/gems/actionpack-4.2.6/lib/action_dispatch/middleware/templates/routes/_route.html.erb (1.1ms)
  Rendered /Users/samuelfrade/.rvm/gems/ruby-2.2.1/gems/actionpack-4.2.6/lib/action_dispatch/middleware/templates/routes/_table.html.erb (1.1ms)
  Rendered /Users/samuelfrade/.rvm/gems/ruby-2.2.1/gems/actionpack-4.2.6/lib/action_dispatch/middleware/templates/rescues/_request_and_response.html.erb (0.9ms)
  Rendered /Users/samuelfrade/.rvm/gems/ruby-2.2.1/gems/actionpack-4.2.6/lib/action_dispatch/middleware/templates/rescues/routing_error.html.erb within rescues/layout (62.7ms)
  Rendered /Users/samuelfrade/.rvm/gems/ruby-2.2.1/gems/web-console-2.3.0/lib/web_console/templates/_markup.html.erb (0.3ms)
  Rendered /Users/samuelfrade/.rvm/gems/ruby-2.2.1/gems/web-console-2.3.0/lib/web_console/templates/_inner_console_markup.html.erb within layouts/inlined_string (0.2ms)
  Rendered /Users/samuelfrade/.rvm/gems/ruby-2.2.1/gems/web-console-2.3.0/lib/web_console/templates/_prompt_box_markup.html.erb within layouts/inlined_string (0.2ms)
  Rendered /Users/samuelfrade/.rvm/gems/ruby-2.2.1/gems/web-console-2.3.0/lib/web_console/templates/style.css.erb within layouts/inlined_string (0.2ms)
  Rendered /Users/samuelfrade/.rvm/gems/ruby-2.2.1/gems/web-console-2.3.0/lib/web_console/templates/console.js.erb within layouts/javascript (36.3ms)
  Rendered /Users/samuelfrade/.rvm/gems/ruby-2.2.1/gems/web-console-2.3.0/lib/web_console/templates/main.js.erb within layouts/javascript (0.3ms)
  Rendered /Users/samuelfrade/.rvm/gems/ruby-2.2.1/gems/web-console-2.3.0/lib/web_console/templates/error_page.js.erb within layouts/javascript (0.3ms)
  Rendered /Users/samuelfrade/.rvm/gems/ruby-2.2.1/gems/web-console-2.3.0/lib/web_console/templates/index.html.erb (88.0ms)


Started GET "/sandwiches/3/" for ::1 at 2016-05-02 15:48:19 -0400
Processing by SandwichesController#show as */*
  Parameters: {"id"=>"3", "sandwich"=>{}}
  [1m[35mSandwich Load (0.1ms)[0m  SELECT  "sandwiches".* FROM "sandwiches" WHERE "sandwiches"."id" = ? LIMIT 1  [["id", 3]]
  [1m[36mIngredient Load (0.1ms)[0m  [1mSELECT "ingredients".* FROM "ingredients" INNER JOIN "sandwich_ingredients" ON "ingredients"."id" = "sandwich_ingredients"."ingredient_id" WHERE "sandwich_ingredients"."sandwich_id" = ?[0m  [["sandwich_id", 3]]
Completed 200 OK in 2ms (Views: 0.1ms | ActiveRecord: 0.2ms)


Started POST "/sandwiches/3/ingredients/add" for ::1 at 2016-05-02 15:50:35 -0400
Processing by SandwichesController#add_ingredient as */*
  Parameters: {"ingredient_id"=>4, "id"=>"3", "sandwich"=>{}}
Can't verify CSRF token authenticity
  [1m[35mSandwich Load (0.2ms)[0m  SELECT  "sandwiches".* FROM "sandwiches" WHERE "sandwiches"."id" = ? LIMIT 1  [["id", 3]]
  [1m[36mIngredient Load (0.1ms)[0m  [1mSELECT  "ingredients".* FROM "ingredients" WHERE "ingredients"."id" = ? LIMIT 1[0m  [["id", 4]]
  [1m[35m (0.3ms)[0m  begin transaction
  [1m[36mSQL (1.0ms)[0m  [1mINSERT INTO "sandwich_ingredients" ("sandwich_id", "ingredient_id", "created_at", "updated_at") VALUES (?, ?, ?, ?)[0m  [["sandwich_id", 3], ["ingredient_id", 4], ["created_at", "2016-05-02 19:50:35.404272"], ["updated_at", "2016-05-02 19:50:35.404272"]]
  [1m[35m (1.1ms)[0m  commit transaction
Redirected to http://localhost:3000/sandwiches/3
Completed 302 Found in 7ms (ActiveRecord: 2.6ms)


Started GET "/sandwiches/3" for ::1 at 2016-05-02 15:50:35 -0400
Processing by SandwichesController#show as */*
  Parameters: {"id"=>"3"}
  [1m[36mSandwich Load (0.1ms)[0m  [1mSELECT  "sandwiches".* FROM "sandwiches" WHERE "sandwiches"."id" = ? LIMIT 1[0m  [["id", 3]]
  [1m[35mIngredient Load (0.1ms)[0m  SELECT "ingredients".* FROM "ingredients" INNER JOIN "sandwich_ingredients" ON "ingredients"."id" = "sandwich_ingredients"."ingredient_id" WHERE "sandwich_ingredients"."sandwich_id" = ?  [["sandwich_id", 3]]
Completed 200 OK in 2ms (Views: 0.1ms | ActiveRecord: 0.1ms)
  [1m[36mActiveRecord::SchemaMigration Load (0.1ms)[0m  [1mSELECT "schema_migrations".* FROM "schema_migrations"[0m
Migrating to AddTotalCaloriesToSandwiches (20160502195758)
  [1m[35m (0.1ms)[0m  begin transaction
  [1m[36m (0.5ms)[0m  [1mALTER TABLE "sandwiches" ADD "total_calories" integer DEFAULT 0[0m
  [1m[35mSQL (0.1ms)[0m  INSERT INTO "schema_migrations" ("version") VALUES (?)  [["version", "20160502195758"]]
  [1m[36m (0.8ms)[0m  [1mcommit transaction[0m
  [1m[35mActiveRecord::SchemaMigration Load (0.1ms)[0m  SELECT "schema_migrations".* FROM "schema_migrations"
  [1m[36m (1.2ms)[0m  [1mCREATE TABLE "ingredients" ("id" INTEGER PRIMARY KEY AUTOINCREMENT NOT NULL, "name" varchar, "calories" integer, "created_at" datetime NOT NULL, "updated_at" datetime NOT NULL) [0m
  [1m[35m (0.9ms)[0m  CREATE TABLE "sandwich_ingredients" ("id" INTEGER PRIMARY KEY AUTOINCREMENT NOT NULL, "sandwich_id" integer, "ingredient_id" integer, "created_at" datetime NOT NULL, "updated_at" datetime NOT NULL) 
  [1m[36m (0.8ms)[0m  [1mCREATE TABLE "sandwiches" ("id" INTEGER PRIMARY KEY AUTOINCREMENT NOT NULL, "name" varchar, "bread_type" varchar, "created_at" datetime NOT NULL, "updated_at" datetime NOT NULL, "total_calories" integer DEFAULT 0) [0m
  [1m[35m (1.1ms)[0m  CREATE TABLE "schema_migrations" ("version" varchar NOT NULL) 
  [1m[36m (0.1ms)[0m  [1mselect sqlite_version(*)[0m
  [1m[35m (1.0ms)[0m  CREATE UNIQUE INDEX "unique_schema_migrations" ON "schema_migrations" ("version")
  [1m[36m (0.1ms)[0m  [1mSELECT version FROM "schema_migrations"[0m
  [1m[35m (0.9ms)[0m  INSERT INTO "schema_migrations" (version) VALUES ('20160502195758')
  [1m[36m (0.9ms)[0m  [1mINSERT INTO "schema_migrations" (version) VALUES ('20160502150712')[0m
  [1m[35m (0.8ms)[0m  INSERT INTO "schema_migrations" (version) VALUES ('20160502161420')
  [1m[36m (0.9ms)[0m  [1mINSERT INTO "schema_migrations" (version) VALUES ('20160502184204')[0m
  [1m[35m (0.9ms)[0m  CREATE TABLE "ingredients" ("id" INTEGER PRIMARY KEY AUTOINCREMENT NOT NULL, "name" varchar, "calories" integer, "created_at" datetime NOT NULL, "updated_at" datetime NOT NULL) 
  [1m[36m (2.2ms)[0m  [1mCREATE TABLE "sandwich_ingredients" ("id" INTEGER PRIMARY KEY AUTOINCREMENT NOT NULL, "sandwich_id" integer, "ingredient_id" integer, "created_at" datetime NOT NULL, "updated_at" datetime NOT NULL) [0m
  [1m[35m (0.8ms)[0m  CREATE TABLE "sandwiches" ("id" INTEGER PRIMARY KEY AUTOINCREMENT NOT NULL, "name" varchar, "bread_type" varchar, "created_at" datetime NOT NULL, "updated_at" datetime NOT NULL, "total_calories" integer DEFAULT 0) 
  [1m[36m (0.6ms)[0m  [1mCREATE TABLE "schema_migrations" ("version" varchar NOT NULL) [0m
  [1m[35m (0.0ms)[0m  select sqlite_version(*)
  [1m[36m (0.6ms)[0m  [1mCREATE UNIQUE INDEX "unique_schema_migrations" ON "schema_migrations" ("version")[0m
  [1m[35m (0.1ms)[0m  SELECT version FROM "schema_migrations"
  [1m[36m (0.6ms)[0m  [1mINSERT INTO "schema_migrations" (version) VALUES ('20160502195758')[0m
  [1m[35m (0.6ms)[0m  INSERT INTO "schema_migrations" (version) VALUES ('20160502150712')
  [1m[36m (0.7ms)[0m  [1mINSERT INTO "schema_migrations" (version) VALUES ('20160502161420')[0m
  [1m[35m (0.6ms)[0m  INSERT INTO "schema_migrations" (version) VALUES ('20160502184204')
  [1m[36mActiveRecord::SchemaMigration Load (0.1ms)[0m  [1mSELECT "schema_migrations".* FROM "schema_migrations"[0m
  [1m[36m (0.1ms)[0m  [1mbegin transaction[0m
  [1m[35mSQL (0.4ms)[0m  INSERT INTO "sandwiches" ("name", "bread_type", "created_at", "updated_at") VALUES (?, ?, ?, ?)  [["name", "ham sandwich"], ["bread_type", "white"], ["created_at", "2016-05-02 20:04:07.032691"], ["updated_at", "2016-05-02 20:04:07.032691"]]
  [1m[36m (1.2ms)[0m  [1mcommit transaction[0m
  [1m[35m (0.0ms)[0m  begin transaction
  [1m[36mSQL (0.5ms)[0m  [1mINSERT INTO "ingredients" ("name", "calories", "created_at", "updated_at") VALUES (?, ?, ?, ?)[0m  [["name", "ham"], ["calories", 50], ["created_at", "2016-05-02 20:04:56.632142"], ["updated_at", "2016-05-02 20:04:56.632142"]]
  [1m[35m (1.0ms)[0m  commit transaction


Started POST "/sandwiches/1" for ::1 at 2016-05-02 16:05:39 -0400
  [1m[36mActiveRecord::SchemaMigration Load (0.2ms)[0m  [1mSELECT "schema_migrations".* FROM "schema_migrations"[0m

ActionController::RoutingError (No route matches [POST] "/sandwiches/1"):
  actionpack (4.2.6) lib/action_dispatch/middleware/debug_exceptions.rb:21:in `call'
  web-console (2.3.0) lib/web_console/middleware.rb:28:in `block in call'
  web-console (2.3.0) lib/web_console/middleware.rb:18:in `catch'
  web-console (2.3.0) lib/web_console/middleware.rb:18:in `call'
  actionpack (4.2.6) lib/action_dispatch/middleware/show_exceptions.rb:30:in `call'
  railties (4.2.6) lib/rails/rack/logger.rb:38:in `call_app'
  railties (4.2.6) lib/rails/rack/logger.rb:20:in `block in call'
  activesupport (4.2.6) lib/active_support/tagged_logging.rb:68:in `block in tagged'
  activesupport (4.2.6) lib/active_support/tagged_logging.rb:26:in `tagged'
  activesupport (4.2.6) lib/active_support/tagged_logging.rb:68:in `tagged'
  railties (4.2.6) lib/rails/rack/logger.rb:20:in `call'
  actionpack (4.2.6) lib/action_dispatch/middleware/request_id.rb:21:in `call'
  rack (1.6.4) lib/rack/methodoverride.rb:22:in `call'
  rack (1.6.4) lib/rack/runtime.rb:18:in `call'
  activesupport (4.2.6) lib/active_support/cache/strategy/local_cache_middleware.rb:28:in `call'
  rack (1.6.4) lib/rack/lock.rb:17:in `call'
  actionpack (4.2.6) lib/action_dispatch/middleware/static.rb:120:in `call'
  rack (1.6.4) lib/rack/sendfile.rb:113:in `call'
  railties (4.2.6) lib/rails/engine.rb:518:in `call'
  railties (4.2.6) lib/rails/application.rb:165:in `call'
  rack (1.6.4) lib/rack/lock.rb:17:in `call'
  rack (1.6.4) lib/rack/content_length.rb:15:in `call'
  rack (1.6.4) lib/rack/handler/webrick.rb:88:in `service'
  /Users/samuelfrade/.rvm/rubies/ruby-2.2.1/lib/ruby/2.2.0/webrick/httpserver.rb:138:in `service'
  /Users/samuelfrade/.rvm/rubies/ruby-2.2.1/lib/ruby/2.2.0/webrick/httpserver.rb:94:in `run'
  /Users/samuelfrade/.rvm/rubies/ruby-2.2.1/lib/ruby/2.2.0/webrick/server.rb:294:in `block in start_thread'


  Rendered /Users/samuelfrade/.rvm/gems/ruby-2.2.1/gems/actionpack-4.2.6/lib/action_dispatch/middleware/templates/rescues/_trace.html.erb (1.4ms)
  Rendered /Users/samuelfrade/.rvm/gems/ruby-2.2.1/gems/actionpack-4.2.6/lib/action_dispatch/middleware/templates/routes/_route.html.erb (1.2ms)
  Rendered /Users/samuelfrade/.rvm/gems/ruby-2.2.1/gems/actionpack-4.2.6/lib/action_dispatch/middleware/templates/routes/_table.html.erb (1.6ms)
  Rendered /Users/samuelfrade/.rvm/gems/ruby-2.2.1/gems/actionpack-4.2.6/lib/action_dispatch/middleware/templates/rescues/_request_and_response.html.erb (1.0ms)
  Rendered /Users/samuelfrade/.rvm/gems/ruby-2.2.1/gems/actionpack-4.2.6/lib/action_dispatch/middleware/templates/rescues/routing_error.html.erb within rescues/layout (68.6ms)
  Rendered /Users/samuelfrade/.rvm/gems/ruby-2.2.1/gems/web-console-2.3.0/lib/web_console/templates/_markup.html.erb (0.3ms)
  Rendered /Users/samuelfrade/.rvm/gems/ruby-2.2.1/gems/web-console-2.3.0/lib/web_console/templates/_inner_console_markup.html.erb within layouts/inlined_string (0.2ms)
  Rendered /Users/samuelfrade/.rvm/gems/ruby-2.2.1/gems/web-console-2.3.0/lib/web_console/templates/_prompt_box_markup.html.erb within layouts/inlined_string (0.2ms)
  Rendered /Users/samuelfrade/.rvm/gems/ruby-2.2.1/gems/web-console-2.3.0/lib/web_console/templates/style.css.erb within layouts/inlined_string (0.2ms)
  Rendered /Users/samuelfrade/.rvm/gems/ruby-2.2.1/gems/web-console-2.3.0/lib/web_console/templates/console.js.erb within layouts/javascript (38.3ms)
  Rendered /Users/samuelfrade/.rvm/gems/ruby-2.2.1/gems/web-console-2.3.0/lib/web_console/templates/main.js.erb within layouts/javascript (0.2ms)
  Rendered /Users/samuelfrade/.rvm/gems/ruby-2.2.1/gems/web-console-2.3.0/lib/web_console/templates/error_page.js.erb within layouts/javascript (0.3ms)
  Rendered /Users/samuelfrade/.rvm/gems/ruby-2.2.1/gems/web-console-2.3.0/lib/web_console/templates/index.html.erb (83.0ms)


Started GET "/sandwiches/1" for ::1 at 2016-05-02 16:05:50 -0400
Processing by SandwichesController#show as */*
  Parameters: {"id"=>"1", "sandwich"=>{}}
  [1m[35mSandwich Load (0.2ms)[0m  SELECT  "sandwiches".* FROM "sandwiches" WHERE "sandwiches"."id" = ? LIMIT 1  [["id", 1]]
  [1m[36mIngredient Load (0.1ms)[0m  [1mSELECT "ingredients".* FROM "ingredients" INNER JOIN "sandwich_ingredients" ON "ingredients"."id" = "sandwich_ingredients"."ingredient_id" WHERE "sandwich_ingredients"."sandwich_id" = ?[0m  [["sandwich_id", 1]]
Completed 200 OK in 17ms (Views: 0.1ms | ActiveRecord: 0.9ms)
  [1m[36mIngredient Load (0.2ms)[0m  [1mSELECT "ingredients".* FROM "ingredients"[0m


Started POST "/sandwiches/1/ingredients/add" for ::1 at 2016-05-02 16:07:46 -0400
Processing by SandwichesController#add_ingredient as */*
  Parameters: {"ingredient_id"=>1, "id"=>"1", "sandwich"=>{}}
Can't verify CSRF token authenticity
  [1m[35mSandwich Load (0.1ms)[0m  SELECT  "sandwiches".* FROM "sandwiches" WHERE "sandwiches"."id" = ? LIMIT 1  [["id", 1]]
  [1m[36mIngredient Load (0.1ms)[0m  [1mSELECT  "ingredients".* FROM "ingredients" WHERE "ingredients"."id" = ? LIMIT 1[0m  [["id", 1]]
  [1m[35m (0.1ms)[0m  begin transaction
  [1m[36mSQL (0.3ms)[0m  [1mUPDATE "sandwiches" SET "total_calories" = ?, "updated_at" = ? WHERE "sandwiches"."id" = ?[0m  [["total_calories", 50], ["updated_at", "2016-05-02 20:07:46.744826"], ["id", 1]]
  [1m[35m (0.7ms)[0m  commit transaction
  [1m[36m (0.0ms)[0m  [1mbegin transaction[0m
  [1m[35mSQL (0.5ms)[0m  INSERT INTO "sandwich_ingredients" ("sandwich_id", "ingredient_id", "created_at", "updated_at") VALUES (?, ?, ?, ?)  [["sandwich_id", 1], ["ingredient_id", 1], ["created_at", "2016-05-02 20:07:46.756052"], ["updated_at", "2016-05-02 20:07:46.756052"]]
  [1m[36m (0.6ms)[0m  [1mcommit transaction[0m
Redirected to http://localhost:3000/sandwiches/1
Completed 302 Found in 19ms (ActiveRecord: 2.6ms)


Started GET "/sandwiches/1" for ::1 at 2016-05-02 16:07:46 -0400
Processing by SandwichesController#show as */*
  Parameters: {"id"=>"1"}
  [1m[35mSandwich Load (0.3ms)[0m  SELECT  "sandwiches".* FROM "sandwiches" WHERE "sandwiches"."id" = ? LIMIT 1  [["id", 1]]
  [1m[36mIngredient Load (0.1ms)[0m  [1mSELECT "ingredients".* FROM "ingredients" INNER JOIN "sandwich_ingredients" ON "ingredients"."id" = "sandwich_ingredients"."ingredient_id" WHERE "sandwich_ingredients"."sandwich_id" = ?[0m  [["sandwich_id", 1]]
Completed 200 OK in 2ms (Views: 0.1ms | ActiveRecord: 0.3ms)
  [1m[35m (0.4ms)[0m  begin transaction
  [1m[36mSQL (0.4ms)[0m  [1mINSERT INTO "ingredients" ("name", "calories", "created_at", "updated_at") VALUES (?, ?, ?, ?)[0m  [["name", "mayonaise"], ["calories", 100], ["created_at", "2016-05-02 20:08:34.851517"], ["updated_at", "2016-05-02 20:08:34.851517"]]
  [1m[35m (1.1ms)[0m  commit transaction


Started GET "/sandwiches/" for ::1 at 2016-05-02 16:09:00 -0400
Processing by SandwichesController#index as */*
  [1m[35mSandwich Load (0.1ms)[0m  SELECT "sandwiches".* FROM "sandwiches"
Completed 200 OK in 1ms (Views: 0.8ms | ActiveRecord: 0.1ms)


Started GET "/sandwiches/1" for ::1 at 2016-05-02 16:09:13 -0400
Processing by SandwichesController#show as */*
  Parameters: {"id"=>"1"}
  [1m[36mSandwich Load (0.1ms)[0m  [1mSELECT  "sandwiches".* FROM "sandwiches" WHERE "sandwiches"."id" = ? LIMIT 1[0m  [["id", 1]]
  [1m[35mIngredient Load (0.1ms)[0m  SELECT "ingredients".* FROM "ingredients" INNER JOIN "sandwich_ingredients" ON "ingredients"."id" = "sandwich_ingredients"."ingredient_id" WHERE "sandwich_ingredients"."sandwich_id" = ?  [["sandwich_id", 1]]
Completed 200 OK in 2ms (Views: 0.1ms | ActiveRecord: 0.2ms)


Started POST "/sandwiches/1/ingredients/add" for ::1 at 2016-05-02 16:10:07 -0400
Error occurred while parsing request parameters.
Contents:

------WebKitFormBoundaryGpq2n5kvkMv4cLfy
Content-Disposition: form-data; name="ingredient_id"

2
------WebKitFormBoundaryGpq2n5kvkMv4cLfy--


ActionDispatch::ParamsParser::ParseError (795: unexpected token at '------WebKitFormBoundaryGpq2n5kvkMv4cLfy
Content-Disposition: form-data; name="ingredient_id"

2
------WebKitFormBoundaryGpq2n5kvkMv4cLfy--
'):
  actionpack (4.2.6) lib/action_dispatch/middleware/params_parser.rb:53:in `rescue in parse_formatted_parameters'
  actionpack (4.2.6) lib/action_dispatch/middleware/params_parser.rb:32:in `parse_formatted_parameters'
  actionpack (4.2.6) lib/action_dispatch/middleware/params_parser.rb:23:in `call'
  actionpack (4.2.6) lib/action_dispatch/middleware/flash.rb:260:in `call'
  rack (1.6.4) lib/rack/session/abstract/id.rb:225:in `context'
  rack (1.6.4) lib/rack/session/abstract/id.rb:220:in `call'
  actionpack (4.2.6) lib/action_dispatch/middleware/cookies.rb:560:in `call'
  activerecord (4.2.6) lib/active_record/query_cache.rb:36:in `call'
  activerecord (4.2.6) lib/active_record/connection_adapters/abstract/connection_pool.rb:653:in `call'
  activerecord (4.2.6) lib/active_record/migration.rb:377:in `call'
  actionpack (4.2.6) lib/action_dispatch/middleware/callbacks.rb:29:in `block in call'
  activesupport (4.2.6) lib/active_support/callbacks.rb:88:in `__run_callbacks__'
  activesupport (4.2.6) lib/active_support/callbacks.rb:778:in `_run_call_callbacks'
  activesupport (4.2.6) lib/active_support/callbacks.rb:81:in `run_callbacks'
  actionpack (4.2.6) lib/action_dispatch/middleware/callbacks.rb:27:in `call'
  actionpack (4.2.6) lib/action_dispatch/middleware/reloader.rb:73:in `call'
  actionpack (4.2.6) lib/action_dispatch/middleware/remote_ip.rb:78:in `call'
  actionpack (4.2.6) lib/action_dispatch/middleware/debug_exceptions.rb:17:in `call'
  web-console (2.3.0) lib/web_console/middleware.rb:28:in `block in call'
  web-console (2.3.0) lib/web_console/middleware.rb:18:in `catch'
  web-console (2.3.0) lib/web_console/middleware.rb:18:in `call'
  actionpack (4.2.6) lib/action_dispatch/middleware/show_exceptions.rb:30:in `call'
  railties (4.2.6) lib/rails/rack/logger.rb:38:in `call_app'
  railties (4.2.6) lib/rails/rack/logger.rb:20:in `block in call'
  activesupport (4.2.6) lib/active_support/tagged_logging.rb:68:in `block in tagged'
  activesupport (4.2.6) lib/active_support/tagged_logging.rb:26:in `tagged'
  activesupport (4.2.6) lib/active_support/tagged_logging.rb:68:in `tagged'
  railties (4.2.6) lib/rails/rack/logger.rb:20:in `call'
  actionpack (4.2.6) lib/action_dispatch/middleware/request_id.rb:21:in `call'
  rack (1.6.4) lib/rack/methodoverride.rb:22:in `call'
  rack (1.6.4) lib/rack/runtime.rb:18:in `call'
  activesupport (4.2.6) lib/active_support/cache/strategy/local_cache_middleware.rb:28:in `call'
  rack (1.6.4) lib/rack/lock.rb:17:in `call'
  actionpack (4.2.6) lib/action_dispatch/middleware/static.rb:120:in `call'
  rack (1.6.4) lib/rack/sendfile.rb:113:in `call'
  railties (4.2.6) lib/rails/engine.rb:518:in `call'
  railties (4.2.6) lib/rails/application.rb:165:in `call'
  rack (1.6.4) lib/rack/lock.rb:17:in `call'
  rack (1.6.4) lib/rack/content_length.rb:15:in `call'
  rack (1.6.4) lib/rack/handler/webrick.rb:88:in `service'
  /Users/samuelfrade/.rvm/rubies/ruby-2.2.1/lib/ruby/2.2.0/webrick/httpserver.rb:138:in `service'
  /Users/samuelfrade/.rvm/rubies/ruby-2.2.1/lib/ruby/2.2.0/webrick/httpserver.rb:94:in `run'
  /Users/samuelfrade/.rvm/rubies/ruby-2.2.1/lib/ruby/2.2.0/webrick/server.rb:294:in `block in start_thread'


  Rendered /Users/samuelfrade/.rvm/gems/ruby-2.2.1/gems/actionpack-4.2.6/lib/action_dispatch/middleware/templates/rescues/_source.erb (3.8ms)
  Rendered /Users/samuelfrade/.rvm/gems/ruby-2.2.1/gems/actionpack-4.2.6/lib/action_dispatch/middleware/templates/rescues/_trace.html.erb (1.7ms)
  Rendered /Users/samuelfrade/.rvm/gems/ruby-2.2.1/gems/actionpack-4.2.6/lib/action_dispatch/middleware/templates/rescues/_request_and_response.html.erb (0.9ms)
  Rendered /Users/samuelfrade/.rvm/gems/ruby-2.2.1/gems/actionpack-4.2.6/lib/action_dispatch/middleware/templates/rescues/diagnostics.html.erb within rescues/layout (47.4ms)
  Rendered /Users/samuelfrade/.rvm/gems/ruby-2.2.1/gems/web-console-2.3.0/lib/web_console/templates/_markup.html.erb (0.5ms)
  Rendered /Users/samuelfrade/.rvm/gems/ruby-2.2.1/gems/web-console-2.3.0/lib/web_console/templates/_inner_console_markup.html.erb within layouts/inlined_string (0.2ms)
  Rendered /Users/samuelfrade/.rvm/gems/ruby-2.2.1/gems/web-console-2.3.0/lib/web_console/templates/_prompt_box_markup.html.erb within layouts/inlined_string (0.2ms)
  Rendered /Users/samuelfrade/.rvm/gems/ruby-2.2.1/gems/web-console-2.3.0/lib/web_console/templates/style.css.erb within layouts/inlined_string (0.2ms)
  Rendered /Users/samuelfrade/.rvm/gems/ruby-2.2.1/gems/web-console-2.3.0/lib/web_console/templates/console.js.erb within layouts/javascript (36.9ms)
  Rendered /Users/samuelfrade/.rvm/gems/ruby-2.2.1/gems/web-console-2.3.0/lib/web_console/templates/main.js.erb within layouts/javascript (0.2ms)
  Rendered /Users/samuelfrade/.rvm/gems/ruby-2.2.1/gems/web-console-2.3.0/lib/web_console/templates/error_page.js.erb within layouts/javascript (0.3ms)
  Rendered /Users/samuelfrade/.rvm/gems/ruby-2.2.1/gems/web-console-2.3.0/lib/web_console/templates/index.html.erb (89.4ms)


Started POST "/sandwiches/1/ingredients/add" for ::1 at 2016-05-02 16:11:44 -0400
Processing by SandwichesController#add_ingredient as */*
  Parameters: {"ingredient_id"=>2, "id"=>"1", "sandwich"=>{}}
Can't verify CSRF token authenticity
  [1m[36mSandwich Load (0.1ms)[0m  [1mSELECT  "sandwiches".* FROM "sandwiches" WHERE "sandwiches"."id" = ? LIMIT 1[0m  [["id", 1]]
  [1m[35mIngredient Load (0.1ms)[0m  SELECT  "ingredients".* FROM "ingredients" WHERE "ingredients"."id" = ? LIMIT 1  [["id", 2]]
  [1m[36m (0.1ms)[0m  [1mbegin transaction[0m
  [1m[35mSQL (0.2ms)[0m  UPDATE "sandwiches" SET "total_calories" = ?, "updated_at" = ? WHERE "sandwiches"."id" = ?  [["total_calories", 150], ["updated_at", "2016-05-02 20:11:44.904875"], ["id", 1]]
  [1m[36m (1.0ms)[0m  [1mcommit transaction[0m
  [1m[35m (0.0ms)[0m  begin transaction
  [1m[36mSQL (0.2ms)[0m  [1mINSERT INTO "sandwich_ingredients" ("sandwich_id", "ingredient_id", "created_at", "updated_at") VALUES (?, ?, ?, ?)[0m  [["sandwich_id", 1], ["ingredient_id", 2], ["created_at", "2016-05-02 20:11:44.908754"], ["updated_at", "2016-05-02 20:11:44.908754"]]
  [1m[35m (0.5ms)[0m  commit transaction
Redirected to http://localhost:3000/sandwiches/1
Completed 302 Found in 8ms (ActiveRecord: 2.3ms)


Started GET "/sandwiches/1" for ::1 at 2016-05-02 16:11:44 -0400
Processing by SandwichesController#show as */*
  Parameters: {"id"=>"1"}
  [1m[36mSandwich Load (0.2ms)[0m  [1mSELECT  "sandwiches".* FROM "sandwiches" WHERE "sandwiches"."id" = ? LIMIT 1[0m  [["id", 1]]
  [1m[35mIngredient Load (0.1ms)[0m  SELECT "ingredients".* FROM "ingredients" INNER JOIN "sandwich_ingredients" ON "ingredients"."id" = "sandwich_ingredients"."ingredient_id" WHERE "sandwich_ingredients"."sandwich_id" = ?  [["sandwich_id", 1]]
Completed 200 OK in 3ms (Views: 0.1ms | ActiveRecord: 0.3ms)


Started GET "/sandwiches/2" for ::1 at 2016-05-02 16:12:29 -0400
Processing by SandwichesController#show as HTML
  Parameters: {"id"=>"2"}
  [1m[36mSandwich Load (0.1ms)[0m  [1mSELECT  "sandwiches".* FROM "sandwiches" WHERE "sandwiches"."id" = ? LIMIT 1[0m  [["id", 2]]
Completed 404 Not Found in 1ms (Views: 0.1ms | ActiveRecord: 0.1ms)


Started GET "/sandwiches/1" for ::1 at 2016-05-02 16:12:35 -0400
Processing by SandwichesController#show as HTML
  Parameters: {"id"=>"1"}
  [1m[35mSandwich Load (0.1ms)[0m  SELECT  "sandwiches".* FROM "sandwiches" WHERE "sandwiches"."id" = ? LIMIT 1  [["id", 1]]
  [1m[36mIngredient Load (0.1ms)[0m  [1mSELECT "ingredients".* FROM "ingredients" INNER JOIN "sandwich_ingredients" ON "ingredients"."id" = "sandwich_ingredients"."ingredient_id" WHERE "sandwich_ingredients"."sandwich_id" = ?[0m  [["sandwich_id", 1]]
Completed 200 OK in 3ms (Views: 0.1ms | ActiveRecord: 0.2ms)
